INFO:     Will watch for changes in these directories: ['C:\\Users\\hrger\\Kalorifit\\food_detection_bot']
INFO:     Uvicorn running on http://127.0.0.1:8001 (Press CTRL+C to quit)
INFO:     Started reloader process [14188] using WatchFiles
INFO:     Started server process [8780]
INFO:     Waiting for application startup.
2026-03-05 18:59:53,989 INFO food_detection_bot Detector initialized provider=yolo model=yolo11n.pt text_provider=tesseract-ocr text_enabled=True text_available=False text_message=tesseract binary not found in PATH
2026-03-05 18:59:54,009 INFO food_detection_bot Dish classifier initialized enabled=True available=False model=food101-efficientnet-b0 message=checkpoint not found: src/models/food101_efficientnet.pt
2026-03-05 18:59:54,009 INFO food_detection_bot Model fingerprint model_id=yolo11n.pt model_weights_path=C:\Users\hrger\Kalorifit\food_detection_bot\yolo11n.pt model_weights_sha256=0ebbc80d4a7680d14987a577cd21342b65ecfd94632bd9a8da63ae6417644ee1 model_loaded_at=2026-03-05T17:59:53.939813Z
2026-03-05 18:59:54,010 INFO food_detection_bot Product catalog loaded path=src/data/products.json size=8
INFO:     Application startup complete.
2026-03-05 19:03:20,198 INFO food_detection_bot detect request_id=58737cf7-1fa0-4220-96a1-b273f0ff5700 bytes=121967 detections=0 items=0 text_detections=0 response_keys=['alternatives', 'barcode_result', 'debug', 'detections', 'items', 'latency_ms', 'model', 'ok', 'package_detection', 'packaging_type', 'predicted_product', 'scan_log_id', 'text_detections', 'top_match']
2026-03-05 19:03:21,964 INFO food_detection_bot detect request_id=c2021d2a-2d24-4900-9117-336355d53d21 bytes=121896 detections=1 items=5 text_detections=0 response_keys=['alternatives', 'barcode_result', 'debug', 'detections', 'items', 'latency_ms', 'model', 'ok', 'package_detection', 'packaging_type', 'predicted_product', 'scan_log_id', 'text_detections', 'top_match']
2026-03-05 19:51:27,745 INFO food_detection_bot detect request_id=b7db825c-f619-4724-939b-56902e71175a bytes=111292 detections=0 items=0 text_detections=0 response_keys=['alternatives', 'barcode_result', 'debug', 'detections', 'items', 'latency_ms', 'model', 'ok', 'package_detection', 'packaging_type', 'predicted_product', 'scan_log_id', 'text_detections', 'top_match']
2026-03-05 19:51:29,150 INFO food_detection_bot detect request_id=b64f5dfa-f12b-4df4-954a-a8b0f4f0c0c7 bytes=107675 detections=0 items=0 text_detections=0 response_keys=['alternatives', 'barcode_result', 'debug', 'detections', 'items', 'latency_ms', 'model', 'ok', 'package_detection', 'packaging_type', 'predicted_product', 'scan_log_id', 'text_detections', 'top_match']
2026-03-05 19:51:30,049 INFO food_detection_bot detect request_id=868dac47-1bc9-4788-ad65-bb82069e012b bytes=107905 detections=0 items=0 text_detections=0 response_keys=['alternatives', 'barcode_result', 'debug', 'detections', 'items', 'latency_ms', 'model', 'ok', 'package_detection', 'packaging_type', 'predicted_product', 'scan_log_id', 'text_detections', 'top_match']
2026-03-05 19:51:30,322 INFO food_detection_bot detect request_id=b308c927-b5a5-4b0c-831a-c94c1325490a bytes=107629 detections=0 items=0 text_detections=0 response_keys=['alternatives', 'barcode_result', 'debug', 'detections', 'items', 'latency_ms', 'model', 'ok', 'package_detection', 'packaging_type', 'predicted_product', 'scan_log_id', 'text_detections', 'top_match']
2026-03-05 19:53:58,227 INFO food_detection_bot detect request_id=scan-1772736838041-865556 bytes=18973 detections=2 items=1 text_detections=0 response_keys=['alternatives', 'barcode_result', 'debug', 'detections', 'items', 'latency_ms', 'model', 'ok', 'package_detection', 'packaging_type', 'predicted_product', 'scan_log_id', 'text_detections', 'top_match']
2026-03-05 19:54:23,391 INFO food_detection_bot detect request_id=scan-1772736863254-318486 bytes=18973 detections=2 items=1 text_detections=0 response_keys=['alternatives', 'barcode_result', 'debug', 'detections', 'items', 'latency_ms', 'model', 'ok', 'package_detection', 'packaging_type', 'predicted_product', 'scan_log_id', 'text_detections', 'top_match']
forrtl: error (200): program aborting due to window-CLOSE event
Image              PC                Routine            Line        Source             
KERNELBASE.dll     00007FFD1572D64D  Unknown               Unknown  Unknown
KERNEL32.DLL       00007FFD1647E8D7  Unknown               Unknown  Unknown
ntdll.dll          00007FFD17ECC40C  Unknown               Unknown  Unknown
